c:\users\minnullin_iz\documents\books\rogecpp\rogecpp\debug\roge.bsc
c:\users\minnullin_iz\documents\books\rogecpp\rogecpp\roge\debug\roge.pch
c:\users\minnullin_iz\documents\books\rogecpp\rogecpp\roge\debug\vc140.pdb
c:\users\minnullin_iz\documents\books\rogecpp\rogecpp\roge\debug\vc140.idb
c:\users\minnullin_iz\documents\books\rogecpp\rogecpp\roge\debug\stdafx.sbr
c:\users\minnullin_iz\documents\books\rogecpp\rogecpp\roge\debug\stdafx.obj
c:\users\minnullin_iz\documents\books\rogecpp\rogecpp\roge\debug\map.sbr
c:\users\minnullin_iz\documents\books\rogecpp\rogecpp\roge\debug\ispaceobject.sbr
c:\users\minnullin_iz\documents\books\rogecpp\rogecpp\roge\debug\cell.sbr
c:\users\minnullin_iz\documents\books\rogecpp\rogecpp\roge\debug\cell.obj
c:\users\minnullin_iz\documents\books\rogecpp\rogecpp\roge\debug\ispaceobject.obj
c:\users\minnullin_iz\documents\books\rogecpp\rogecpp\roge\debug\map.obj
c:\users\minnullin_iz\documents\books\rogecpp\rogecpp\roge\debug\roge.sbr
c:\users\minnullin_iz\documents\books\rogecpp\rogecpp\roge\debug\roge.obj
c:\users\minnullin_iz\documents\books\rogecpp\rogecpp\debug\roge.ilk
c:\users\minnullin_iz\documents\books\rogecpp\rogecpp\debug\roge.exe
c:\users\minnullin_iz\documents\books\rogecpp\rogecpp\debug\roge.pdb
c:\users\minnullin_iz\documents\books\rogecpp\rogecpp\roge\debug\roge.tlog\bscmake.command.1.tlog
c:\users\minnullin_iz\documents\books\rogecpp\rogecpp\roge\debug\roge.tlog\bscmake.read.1.tlog
c:\users\minnullin_iz\documents\books\rogecpp\rogecpp\roge\debug\roge.tlog\bscmake.write.1.tlog
c:\users\minnullin_iz\documents\books\rogecpp\rogecpp\roge\debug\roge.tlog\cl.command.1.tlog
c:\users\minnullin_iz\documents\books\rogecpp\rogecpp\roge\debug\roge.tlog\cl.read.1.tlog
c:\users\minnullin_iz\documents\books\rogecpp\rogecpp\roge\debug\roge.tlog\cl.write.1.tlog
c:\users\minnullin_iz\documents\books\rogecpp\rogecpp\roge\debug\roge.tlog\link.command.1.tlog
c:\users\minnullin_iz\documents\books\rogecpp\rogecpp\roge\debug\roge.tlog\link.read.1.tlog
c:\users\minnullin_iz\documents\books\rogecpp\rogecpp\roge\debug\roge.tlog\link.write.1.tlog
