  roge.cpp
c:\users\minnullin_iz\documents\books\rogecpp\rogecpp\vizualizer\visutils.h(79): warning C4018: <=: несоответствие типов со знаком и без знака
c:\users\minnullin_iz\documents\books\rogecpp\rogecpp\vizualizer\visutils.h(80): warning C4018: <: несоответствие типов со знаком и без знака
c:\program files (x86)\microsoft visual studio 14.0\vc\include\type_traits(1491): warning C4800: size_t: принудительно задано логическое значение "true" или "false" (предупреждение о производительности)
  c:\program files (x86)\microsoft visual studio 14.0\vc\include\functional(213): note: см. ссылку на создание экземпляров функции шаблон при компиляции "_Rx std::_Invoke_ret<_Rx,_Callable&,const std::pair<size_t,size_t>&>(std::_Forced<_Rx,false>,_Callable &,const std::pair<size_t,size_t> &)"
          with
          [
              _Rx=bool,
              _Callable=_Decayed
          ]
  c:\program files (x86)\microsoft visual studio 14.0\vc\include\functional(211): note: при компиляции функции-члена "<Нет данных>" класса <Нет данных>
  c:\program files (x86)\microsoft visual studio 14.0\vc\include\functional(137): note: см. ссылку на создание экземпляров класса шаблон при компиляции "std::_Func_impl<_Decayed,_Alloc,_Ret,const std::pair<size_t,size_t> &>"
          with
          [
              _Alloc=std::allocator<int>,
              _Ret=bool
          ]
  c:\program files (x86)\microsoft visual studio 14.0\vc\include\functional(348): note: см. ссылку на создание экземпляров класса шаблон при компиляции "std::_Is_large<_Myimpl>"
  c:\program files (x86)\microsoft visual studio 14.0\vc\include\functional(327): note: см. ссылку на создание экземпляров функции шаблон при компиляции "void std::_Func_class<_Ret,const std::pair<size_t,size_t> &>::_Reset_alloc<_Ty,std::allocator<int>>(_Fx &&,const _Alloc &)"
          with
          [
              _Ret=bool,
              _Ty=main::<lambda_63bc9d66d9c92d57288390f56d8ef0a4>,
              _Fx=main::<lambda_63bc9d66d9c92d57288390f56d8ef0a4>,
              _Alloc=std::allocator<int>
          ]
  c:\program files (x86)\microsoft visual studio 14.0\vc\include\functional(327): note: см. ссылку на создание экземпляров функции шаблон при компиляции "void std::_Func_class<_Ret,const std::pair<size_t,size_t> &>::_Reset_alloc<_Ty,std::allocator<int>>(_Fx &&,const _Alloc &)"
          with
          [
              _Ret=bool,
              _Ty=main::<lambda_63bc9d66d9c92d57288390f56d8ef0a4>,
              _Fx=main::<lambda_63bc9d66d9c92d57288390f56d8ef0a4>,
              _Alloc=std::allocator<int>
          ]
  c:\program files (x86)\microsoft visual studio 14.0\vc\include\functional(498): note: см. ссылку на создание экземпляров функции шаблон при компиляции "void std::_Func_class<_Ret,const std::pair<size_t,size_t> &>::_Reset<main::<lambda_63bc9d66d9c92d57288390f56d8ef0a4>>(_Fx &&)"
          with
          [
              _Ret=bool,
              _Fx=main::<lambda_63bc9d66d9c92d57288390f56d8ef0a4>
          ]
  c:\program files (x86)\microsoft visual studio 14.0\vc\include\functional(498): note: см. ссылку на создание экземпляров функции шаблон при компиляции "void std::_Func_class<_Ret,const std::pair<size_t,size_t> &>::_Reset<main::<lambda_63bc9d66d9c92d57288390f56d8ef0a4>>(_Fx &&)"
          with
          [
              _Ret=bool,
              _Fx=main::<lambda_63bc9d66d9c92d57288390f56d8ef0a4>
          ]
  c:\users\minnullin_iz\documents\books\rogecpp\rogecpp\roge\roge.cpp(63): note: см. ссылку на создание экземпляров функции шаблон при компиляции "std::function<bool (const std::pair<size_t,size_t> &)>::function<main::<lambda_63bc9d66d9c92d57288390f56d8ef0a4>,unsigned int,void>(_Fx)"
          with
          [
              _Fx=main::<lambda_63bc9d66d9c92d57288390f56d8ef0a4>
          ]
  c:\users\minnullin_iz\documents\books\rogecpp\rogecpp\roge\roge.cpp(63): note: см. ссылку на создание экземпляров функции шаблон при компиляции "std::function<bool (const std::pair<size_t,size_t> &)>::function<main::<lambda_63bc9d66d9c92d57288390f56d8ef0a4>,unsigned int,void>(_Fx)"
          with
          [
              _Fx=main::<lambda_63bc9d66d9c92d57288390f56d8ef0a4>
          ]
  roge.vcxproj -> C:\Users\minnullin_iz\Documents\books\rogecpp\rogecpp\Debug\roge.exe
BSCMAKE : warning BK4503: эхчэрўшЄхы№эр  ю°шсър т SBR-Їрщых "Debug\roge.sbr" шуэюЁшЁєхЄё
