c:\users\minnullin_iz\documents\visual studio 2015\projects\roge\debug\rogelib.bsc
c:\users\minnullin_iz\documents\visual studio 2015\projects\roge\consoleapplication1\debug\rogelib.pch
c:\users\minnullin_iz\documents\visual studio 2015\projects\roge\consoleapplication1\debug\rogelib.pdb
c:\users\minnullin_iz\documents\visual studio 2015\projects\roge\consoleapplication1\debug\rogelib.idb
c:\users\minnullin_iz\documents\visual studio 2015\projects\roge\consoleapplication1\debug\stdafx.obj
c:\users\minnullin_iz\documents\visual studio 2015\projects\roge\consoleapplication1\debug\stdafx.sbr
c:\users\minnullin_iz\documents\visual studio 2015\projects\roge\consoleapplication1\debug\cell.obj
c:\users\minnullin_iz\documents\visual studio 2015\projects\roge\consoleapplication1\debug\ispaceobject.obj
c:\users\minnullin_iz\documents\visual studio 2015\projects\roge\consoleapplication1\debug\map.obj
c:\users\minnullin_iz\documents\visual studio 2015\projects\roge\consoleapplication1\debug\map.sbr
c:\users\minnullin_iz\documents\visual studio 2015\projects\roge\consoleapplication1\debug\ispaceobject.sbr
c:\users\minnullin_iz\documents\visual studio 2015\projects\roge\consoleapplication1\debug\cell.sbr
c:\users\minnullin_iz\documents\visual studio 2015\projects\roge\debug\rogelib.lib
c:\users\minnullin_iz\documents\visual studio 2015\projects\roge\debug\rogelib.pdb
c:\users\minnullin_iz\documents\visual studio 2015\projects\roge\consoleapplication1\debug\rogelib.tlog\bscmake.command.1.tlog
c:\users\minnullin_iz\documents\visual studio 2015\projects\roge\consoleapplication1\debug\rogelib.tlog\bscmake.read.1.tlog
c:\users\minnullin_iz\documents\visual studio 2015\projects\roge\consoleapplication1\debug\rogelib.tlog\bscmake.write.1.tlog
c:\users\minnullin_iz\documents\visual studio 2015\projects\roge\consoleapplication1\debug\rogelib.tlog\cl.command.1.tlog
c:\users\minnullin_iz\documents\visual studio 2015\projects\roge\consoleapplication1\debug\rogelib.tlog\cl.read.1.tlog
c:\users\minnullin_iz\documents\visual studio 2015\projects\roge\consoleapplication1\debug\rogelib.tlog\cl.write.1.tlog
c:\users\minnullin_iz\documents\visual studio 2015\projects\roge\consoleapplication1\debug\rogelib.tlog\lib-link.read.1.tlog
c:\users\minnullin_iz\documents\visual studio 2015\projects\roge\consoleapplication1\debug\rogelib.tlog\lib-link.write.1.tlog
c:\users\minnullin_iz\documents\visual studio 2015\projects\roge\consoleapplication1\debug\rogelib.tlog\lib.command.1.tlog
